[INFO] 2020-12-05 22:14:39,207: 
Name: AFFResNeXt38_32x4d_100
Device: cuda:2
Path: ./log/AFFResNeXt38_32x4d_100/1607177679
Debug: False
---
Epochs: 640
Batch Size: 64
Num Worker: 8
---
Base LR: 0.2
LR Decay: 0.1
Weight Decay: 0.0001
Momentum: 0.9
Milestones: [300,450]
Init Weight: Xavier
---
Nesterov: True
Auto Augment: True
Cosine: False
Label Smoothing: True
No Weight Decay: True
---
Mixup: True
Mixup Alpha: 1
Mixup Off Epoch: 40
---

[INFO] 2020-12-05 22:17:23,157: Epoch- 0  T-Loss: 4.854, E-Loss: 4.589, Time: 160.40s, Need: 28.52h, LR: 0.2000, Acc: 1.86%
[INFO] 2020-12-05 22:20:03,844: Epoch- 1  T-Loss: 4.547, E-Loss: 4.422, Time: 160.47s, Need: 28.48h, LR: 0.2000, Acc: 3.52%
[INFO] 2020-12-05 22:22:44,548: Epoch- 2  T-Loss: 4.519, E-Loss: 4.376, Time: 160.50s, Need: 28.44h, LR: 0.2000, Acc: 4.69%
[INFO] 2020-12-05 22:25:25,377: Epoch- 3  T-Loss: 4.465, E-Loss: 4.231, Time: 160.62s, Need: 28.42h, LR: 0.2000, Acc: 6.63%
[INFO] 2020-12-05 22:28:06,249: Epoch- 4  T-Loss: 4.427, E-Loss: 4.154, Time: 160.65s, Need: 28.38h, LR: 0.2000, Acc: 7.78%
[INFO] 2020-12-05 22:30:47,118: Epoch- 5  T-Loss: 4.390, E-Loss: 4.265, Time: 160.64s, Need: 28.33h, LR: 0.2000, Acc: 8.26%
[INFO] 2020-12-05 22:33:27,983: Epoch- 6  T-Loss: 4.354, E-Loss: 4.007, Time: 160.64s, Need: 28.29h, LR: 0.2000, Acc: 10.96%
[INFO] 2020-12-05 22:36:08,829: Epoch- 7  T-Loss: 4.296, E-Loss: 3.812, Time: 160.63s, Need: 28.24h, LR: 0.2000, Acc: 13.92%
[INFO] 2020-12-05 22:38:49,550: Epoch- 8  T-Loss: 4.235, E-Loss: 3.751, Time: 160.50s, Need: 28.18h, LR: 0.2000, Acc: 17.33%
[INFO] 2020-12-05 22:41:30,475: Epoch- 9  T-Loss: 4.148, E-Loss: 3.637, Time: 160.66s, Need: 28.16h, LR: 0.2000, Acc: 20.34%
[INFO] 2020-12-05 22:44:11,344: Epoch-10  T-Loss: 4.064, E-Loss: 3.476, Time: 160.64s, Need: 28.11h, LR: 0.2000, Acc: 25.50%
[INFO] 2020-12-05 22:46:52,304: Epoch-11  T-Loss: 3.963, E-Loss: 5.579, Time: 160.74s, Need: 28.09h, LR: 0.2000, Acc: 29.33%
[INFO] 2020-12-05 22:49:33,518: Epoch-12  T-Loss: 3.894, E-Loss: 3.087, Time: 161.01s, Need: 28.09h, LR: 0.2000, Acc: 33.02%
[INFO] 2020-12-05 22:52:14,589: Epoch-13  T-Loss: 3.791, E-Loss: 2.950, Time: 160.85s, Need: 28.01h, LR: 0.2000, Acc: 37.10%
[INFO] 2020-12-05 22:54:55,454: Epoch-14  T-Loss: 3.725, E-Loss: 3.033, Time: 160.64s, Need: 27.93h, LR: 0.2000, Acc: 38.94%
[INFO] 2020-12-05 22:57:36,498: Epoch-15  T-Loss: 3.660, E-Loss: 3.527, Time: 160.81s, Need: 27.92h, LR: 0.2000, Acc: 35.35%
[INFO] 2020-12-05 23:00:17,376: Epoch-16  T-Loss: 3.621, E-Loss: 3.614, Time: 160.66s, Need: 27.85h, LR: 0.2000, Acc: 41.64%
[INFO] 2020-12-05 23:02:58,265: Epoch-17  T-Loss: 3.531, E-Loss: 3.423, Time: 160.65s, Need: 27.80h, LR: 0.2000, Acc: 47.89%
[INFO] 2020-12-05 23:05:39,370: Epoch-18  T-Loss: 3.457, E-Loss: 2.591, Time: 160.88s, Need: 27.80h, LR: 0.2000, Acc: 46.88%
[INFO] 2020-12-05 23:08:20,201: Epoch-19  T-Loss: 3.412, E-Loss: 2.435, Time: 160.56s, Need: 27.70h, LR: 0.2000, Acc: 51.38%
[INFO] 2020-12-05 23:11:01,113: Epoch-20  T-Loss: 3.403, E-Loss: 2.609, Time: 160.69s, Need: 27.67h, LR: 0.2000, Acc: 50.52%
[INFO] 2020-12-05 23:13:42,161: Epoch-21  T-Loss: 3.378, E-Loss: 2.708, Time: 160.82s, Need: 27.65h, LR: 0.2000, Acc: 51.90%
[INFO] 2020-12-05 23:16:23,035: Epoch-22  T-Loss: 3.344, E-Loss: 2.348, Time: 160.65s, Need: 27.58h, LR: 0.2000, Acc: 54.25%
[INFO] 2020-12-05 23:19:04,144: Epoch-23  T-Loss: 3.294, E-Loss: 2.310, Time: 160.89s, Need: 27.57h, LR: 0.2000, Acc: 56.71%
[INFO] 2020-12-05 23:21:44,994: Epoch-24  T-Loss: 3.294, E-Loss: 2.834, Time: 160.64s, Need: 27.49h, LR: 0.2000, Acc: 53.56%
[INFO] 2020-12-05 23:24:25,781: Epoch-25  T-Loss: 3.264, E-Loss: 2.262, Time: 160.58s, Need: 27.43h, LR: 0.2000, Acc: 56.96%
[INFO] 2020-12-05 23:27:06,591: Epoch-26  T-Loss: 3.286, E-Loss: 2.291, Time: 160.58s, Need: 27.39h, LR: 0.2000, Acc: 54.82%
[INFO] 2020-12-05 23:29:47,585: Epoch-27  T-Loss: 3.254, E-Loss: 2.189, Time: 160.77s, Need: 27.38h, LR: 0.2000, Acc: 57.69%
[INFO] 2020-12-05 23:32:28,549: Epoch-28  T-Loss: 3.242, E-Loss: 2.364, Time: 160.68s, Need: 27.32h, LR: 0.2000, Acc: 53.69%
[INFO] 2020-12-05 23:35:09,734: Epoch-29  T-Loss: 3.240, E-Loss: 2.085, Time: 160.96s, Need: 27.32h, LR: 0.2000, Acc: 60.51%
[INFO] 2020-12-05 23:35:10,011: [  BEST  ] - A best model in epoch 29 - 60.510%
[INFO] 2020-12-05 23:37:50,792: Epoch-30  T-Loss: 3.181, E-Loss: 2.052, Time: 160.78s, Need: 27.24h, LR: 0.2000, Acc: 60.75%
[INFO] 2020-12-05 23:37:51,063: [  BEST  ] - A best model in epoch 30 - 60.750%
[INFO] 2020-12-05 23:40:32,016: Epoch-31  T-Loss: 3.176, E-Loss: 2.156, Time: 160.95s, Need: 27.23h, LR: 0.2000, Acc: 60.18%
[INFO] 2020-12-05 23:43:13,091: Epoch-32  T-Loss: 3.202, E-Loss: 2.112, Time: 160.84s, Need: 27.16h, LR: 0.2000, Acc: 61.55%
[INFO] 2020-12-05 23:43:13,366: [  BEST  ] - A best model in epoch 32 - 61.550%
[INFO] 2020-12-05 23:45:54,024: Epoch-33  T-Loss: 3.178, E-Loss: 1.991, Time: 160.66s, Need: 27.09h, LR: 0.2000, Acc: 62.98%
[INFO] 2020-12-05 23:45:54,296: [  BEST  ] - A best model in epoch 33 - 62.980%
[INFO] 2020-12-05 23:48:34,980: Epoch-34  T-Loss: 3.137, E-Loss: 2.051, Time: 160.68s, Need: 27.05h, LR: 0.2000, Acc: 62.33%
[INFO] 2020-12-05 23:51:15,930: Epoch-35  T-Loss: 3.163, E-Loss: 2.063, Time: 160.72s, Need: 27.01h, LR: 0.2000, Acc: 63.30%
[INFO] 2020-12-05 23:51:16,322: [  BEST  ] - A best model in epoch 35 - 63.300%
[INFO] 2020-12-05 23:53:57,014: Epoch-36  T-Loss: 3.121, E-Loss: 2.045, Time: 160.69s, Need: 26.96h, LR: 0.2000, Acc: 62.39%
[INFO] 2020-12-05 23:56:37,665: Epoch-37  T-Loss: 3.099, E-Loss: 2.429, Time: 160.43s, Need: 26.87h, LR: 0.2000, Acc: 53.81%
[INFO] 2020-12-05 23:59:18,554: Epoch-38  T-Loss: 3.118, E-Loss: 1.968, Time: 160.67s, Need: 26.87h, LR: 0.2000, Acc: 63.43%
[INFO] 2020-12-05 23:59:18,828: [  BEST  ] - A best model in epoch 38 - 63.430%
[INFO] 2020-12-06 00:01:59,576: Epoch-39  T-Loss: 3.081, E-Loss: 1.997, Time: 160.75s, Need: 26.84h, LR: 0.2000, Acc: 64.77%
[INFO] 2020-12-06 00:01:59,861: [  BEST  ] - A best model in epoch 39 - 64.770%
[INFO] 2020-12-06 00:04:40,716: Epoch-40  T-Loss: 3.055, E-Loss: 2.018, Time: 160.85s, Need: 26.81h, LR: 0.2000, Acc: 63.79%
[INFO] 2020-12-06 00:07:21,685: Epoch-41  T-Loss: 3.084, E-Loss: 2.076, Time: 160.74s, Need: 26.74h, LR: 0.2000, Acc: 63.45%
[INFO] 2020-12-06 00:10:02,673: Epoch-42  T-Loss: 3.075, E-Loss: 1.982, Time: 160.76s, Need: 26.70h, LR: 0.2000, Acc: 64.31%
[INFO] 2020-12-06 00:12:43,652: Epoch-43  T-Loss: 3.065, E-Loss: 1.930, Time: 160.75s, Need: 26.66h, LR: 0.2000, Acc: 65.72%
[INFO] 2020-12-06 00:12:43,924: [  BEST  ] - A best model in epoch 43 - 65.720%
[INFO] 2020-12-06 00:15:24,646: Epoch-44  T-Loss: 3.075, E-Loss: 1.956, Time: 160.72s, Need: 26.61h, LR: 0.2000, Acc: 64.87%
[INFO] 2020-12-06 00:18:05,804: Epoch-45  T-Loss: 3.072, E-Loss: 1.987, Time: 160.70s, Need: 26.56h, LR: 0.2000, Acc: 64.77%
[INFO] 2020-12-06 00:20:46,780: Epoch-46  T-Loss: 3.061, E-Loss: 1.962, Time: 160.65s, Need: 26.51h, LR: 0.2000, Acc: 65.67%
[INFO] 2020-12-06 00:23:27,820: Epoch-47  T-Loss: 3.046, E-Loss: 1.916, Time: 160.82s, Need: 26.49h, LR: 0.2000, Acc: 66.10%
[INFO] 2020-12-06 00:23:28,101: [  BEST  ] - A best model in epoch 47 - 66.100%
[INFO] 2020-12-06 00:26:08,939: Epoch-48  T-Loss: 3.051, E-Loss: 2.065, Time: 160.84s, Need: 26.45h, LR: 0.2000, Acc: 64.55%
[INFO] 2020-12-06 00:28:49,848: Epoch-49  T-Loss: 3.069, E-Loss: 2.099, Time: 160.68s, Need: 26.38h, LR: 0.2000, Acc: 63.59%
[INFO] 2020-12-06 00:31:31,162: Epoch-50  T-Loss: 3.036, E-Loss: 1.904, Time: 160.92s, Need: 26.37h, LR: 0.2000, Acc: 66.32%
[INFO] 2020-12-06 00:31:31,435: [  BEST  ] - A best model in epoch 50 - 66.320%
[INFO] 2020-12-06 00:34:12,039: Epoch-51  T-Loss: 3.011, E-Loss: 2.021, Time: 160.60s, Need: 26.28h, LR: 0.2000, Acc: 63.38%
[INFO] 2020-12-06 00:36:52,978: Epoch-52  T-Loss: 3.005, E-Loss: 1.933, Time: 160.71s, Need: 26.25h, LR: 0.2000, Acc: 66.11%
[INFO] 2020-12-06 00:39:33,891: Epoch-53  T-Loss: 3.026, E-Loss: 1.975, Time: 160.70s, Need: 26.20h, LR: 0.2000, Acc: 66.02%
[INFO] 2020-12-06 00:42:14,694: Epoch-54  T-Loss: 3.006, E-Loss: 2.020, Time: 160.58s, Need: 26.14h, LR: 0.2000, Acc: 66.33%
[INFO] 2020-12-06 00:42:14,962: [  BEST  ] - A best model in epoch 54 - 66.330%
[INFO] 2020-12-06 00:44:55,689: Epoch-55  T-Loss: 2.985, E-Loss: 1.922, Time: 160.73s, Need: 26.12h, LR: 0.2000, Acc: 67.42%
[INFO] 2020-12-06 00:44:55,965: [  BEST  ] - A best model in epoch 55 - 67.420%
[INFO] 2020-12-06 00:47:36,603: Epoch-56  T-Loss: 3.033, E-Loss: 1.888, Time: 160.64s, Need: 26.06h, LR: 0.2000, Acc: 67.47%
[INFO] 2020-12-06 00:47:36,889: [  BEST  ] - A best model in epoch 56 - 67.470%
[INFO] 2020-12-06 00:50:17,496: Epoch-57  T-Loss: 3.000, E-Loss: 1.896, Time: 160.61s, Need: 26.01h, LR: 0.2000, Acc: 67.06%
[INFO] 2020-12-06 00:52:58,583: Epoch-58  T-Loss: 3.028, E-Loss: 1.873, Time: 160.71s, Need: 25.98h, LR: 0.2000, Acc: 67.18%
[INFO] 2020-12-06 00:55:39,599: Epoch-59  T-Loss: 2.989, E-Loss: 1.823, Time: 160.79s, Need: 25.95h, LR: 0.2000, Acc: 68.94%
[INFO] 2020-12-06 00:55:39,889: [  BEST  ] - A best model in epoch 59 - 68.940%
[INFO] 2020-12-06 00:58:20,650: Epoch-60  T-Loss: 3.001, E-Loss: 1.884, Time: 160.76s, Need: 25.90h, LR: 0.2000, Acc: 67.12%
[INFO] 2020-12-06 01:01:01,795: Epoch-61  T-Loss: 2.999, E-Loss: 1.890, Time: 160.91s, Need: 25.88h, LR: 0.2000, Acc: 67.48%
[INFO] 2020-12-06 01:03:42,794: Epoch-62  T-Loss: 3.005, E-Loss: 1.877, Time: 160.76s, Need: 25.81h, LR: 0.2000, Acc: 67.09%
[INFO] 2020-12-06 01:06:23,845: Epoch-63  T-Loss: 2.986, E-Loss: 1.843, Time: 160.80s, Need: 25.77h, LR: 0.2000, Acc: 68.28%
[INFO] 2020-12-06 01:09:04,960: Epoch-64  T-Loss: 2.967, E-Loss: 1.879, Time: 160.88s, Need: 25.74h, LR: 0.2000, Acc: 66.71%
[INFO] 2020-12-06 01:11:45,831: Epoch-65  T-Loss: 3.011, E-Loss: 1.914, Time: 160.64s, Need: 25.66h, LR: 0.2000, Acc: 66.86%
[INFO] 2020-12-06 01:14:26,882: Epoch-66  T-Loss: 2.958, E-Loss: 1.916, Time: 160.82s, Need: 25.64h, LR: 0.2000, Acc: 66.28%
[INFO] 2020-12-06 01:17:07,812: Epoch-67  T-Loss: 2.981, E-Loss: 1.895, Time: 160.69s, Need: 25.58h, LR: 0.2000, Acc: 66.68%
[INFO] 2020-12-06 01:19:48,857: Epoch-68  T-Loss: 2.932, E-Loss: 1.938, Time: 160.77s, Need: 25.54h, LR: 0.2000, Acc: 67.04%
[INFO] 2020-12-06 01:22:29,754: Epoch-69  T-Loss: 2.952, E-Loss: 1.838, Time: 160.66s, Need: 25.48h, LR: 0.2000, Acc: 67.72%
[INFO] 2020-12-06 01:25:10,664: Epoch-70  T-Loss: 2.969, E-Loss: 1.924, Time: 160.68s, Need: 25.44h, LR: 0.2000, Acc: 66.98%
[INFO] 2020-12-06 01:27:51,727: Epoch-71  T-Loss: 2.942, E-Loss: 1.884, Time: 160.84s, Need: 25.42h, LR: 0.2000, Acc: 66.85%
[INFO] 2020-12-06 01:30:32,933: Epoch-72  T-Loss: 2.956, E-Loss: 1.823, Time: 160.81s, Need: 25.37h, LR: 0.2000, Acc: 68.66%
[INFO] 2020-12-06 01:33:14,034: Epoch-73  T-Loss: 2.965, E-Loss: 1.891, Time: 160.87s, Need: 25.34h, LR: 0.2000, Acc: 67.61%
[INFO] 2020-12-06 01:35:55,062: Epoch-74  T-Loss: 2.970, E-Loss: 1.879, Time: 160.79s, Need: 25.28h, LR: 0.2000, Acc: 68.41%
[INFO] 2020-12-06 01:38:36,324: Epoch-75  T-Loss: 2.922, E-Loss: 1.824, Time: 161.04s, Need: 25.27h, LR: 0.2000, Acc: 69.14%
[INFO] 2020-12-06 01:38:36,618: [  BEST  ] - A best model in epoch 75 - 69.140%
[INFO] 2020-12-06 01:41:17,378: Epoch-76  T-Loss: 2.953, E-Loss: 1.908, Time: 160.76s, Need: 25.19h, LR: 0.2000, Acc: 68.31%
[INFO] 2020-12-06 01:43:58,220: Epoch-77  T-Loss: 2.945, E-Loss: 1.837, Time: 160.60s, Need: 25.12h, LR: 0.2000, Acc: 69.72%
[INFO] 2020-12-06 01:43:58,514: [  BEST  ] - A best model in epoch 77 - 69.720%
[INFO] 2020-12-06 01:46:39,230: Epoch-78  T-Loss: 2.924, E-Loss: 1.978, Time: 160.71s, Need: 25.09h, LR: 0.2000, Acc: 66.44%
[INFO] 2020-12-06 01:49:20,213: Epoch-79  T-Loss: 2.982, E-Loss: 1.878, Time: 160.74s, Need: 25.05h, LR: 0.2000, Acc: 67.63%
[INFO] 2020-12-06 01:52:01,106: Epoch-80  T-Loss: 2.934, E-Loss: 1.847, Time: 160.65s, Need: 24.99h, LR: 0.2000, Acc: 67.74%
[INFO] 2020-12-06 01:54:42,063: Epoch-81  T-Loss: 2.947, E-Loss: 1.876, Time: 160.71s, Need: 24.95h, LR: 0.2000, Acc: 67.20%
[INFO] 2020-12-06 01:57:23,124: Epoch-82  T-Loss: 2.992, E-Loss: 1.888, Time: 160.81s, Need: 24.93h, LR: 0.2000, Acc: 67.59%
[INFO] 2020-12-06 02:00:03,938: Epoch-83  T-Loss: 2.921, E-Loss: 1.775, Time: 160.59s, Need: 24.85h, LR: 0.2000, Acc: 70.07%
[INFO] 2020-12-06 02:00:04,206: [  BEST  ] - A best model in epoch 83 - 70.070%
[INFO] 2020-12-06 02:02:44,872: Epoch-84  T-Loss: 2.936, E-Loss: 1.852, Time: 160.66s, Need: 24.81h, LR: 0.2000, Acc: 69.34%
[INFO] 2020-12-06 02:05:25,744: Epoch-85  T-Loss: 2.925, E-Loss: 1.900, Time: 160.65s, Need: 24.77h, LR: 0.2000, Acc: 67.34%
[INFO] 2020-12-06 02:08:06,923: Epoch-86  T-Loss: 2.938, E-Loss: 1.844, Time: 160.95s, Need: 24.77h, LR: 0.2000, Acc: 68.86%
[INFO] 2020-12-06 02:10:47,892: Epoch-87  T-Loss: 2.896, E-Loss: 1.875, Time: 160.74s, Need: 24.69h, LR: 0.2000, Acc: 70.54%
[INFO] 2020-12-06 02:10:48,171: [  BEST  ] - A best model in epoch 87 - 70.540%
[INFO] 2020-12-06 02:13:28,904: Epoch-88  T-Loss: 2.920, E-Loss: 1.821, Time: 160.73s, Need: 24.65h, LR: 0.2000, Acc: 69.98%
[INFO] 2020-12-06 02:16:10,232: Epoch-89  T-Loss: 2.895, E-Loss: 1.853, Time: 160.90s, Need: 24.63h, LR: 0.2000, Acc: 68.44%
[INFO] 2020-12-06 02:18:51,504: Epoch-90  T-Loss: 2.924, E-Loss: 1.877, Time: 161.04s, Need: 24.60h, LR: 0.2000, Acc: 68.22%
[INFO] 2020-12-06 02:21:32,330: Epoch-91  T-Loss: 2.928, E-Loss: 1.864, Time: 160.57s, Need: 24.49h, LR: 0.2000, Acc: 69.23%
[INFO] 2020-12-06 02:24:13,504: Epoch-92  T-Loss: 2.874, E-Loss: 1.818, Time: 160.96s, Need: 24.50h, LR: 0.2000, Acc: 70.15%
[INFO] 2020-12-06 02:26:54,429: Epoch-93  T-Loss: 2.875, E-Loss: 1.756, Time: 160.71s, Need: 24.42h, LR: 0.2000, Acc: 70.55%
[INFO] 2020-12-06 02:26:54,715: [  BEST  ] - A best model in epoch 93 - 70.550%
[INFO] 2020-12-06 02:29:35,426: Epoch-94  T-Loss: 2.921, E-Loss: 1.838, Time: 160.71s, Need: 24.37h, LR: 0.2000, Acc: 68.16%
[INFO] 2020-12-06 02:32:16,440: Epoch-95  T-Loss: 2.937, E-Loss: 1.896, Time: 160.80s, Need: 24.34h, LR: 0.2000, Acc: 68.91%
[INFO] 2020-12-06 02:34:57,407: Epoch-96  T-Loss: 2.884, E-Loss: 1.861, Time: 160.75s, Need: 24.29h, LR: 0.2000, Acc: 68.58%
[INFO] 2020-12-06 02:37:38,555: Epoch-97  T-Loss: 2.878, E-Loss: 1.746, Time: 160.90s, Need: 24.27h, LR: 0.2000, Acc: 70.35%
[INFO] 2020-12-06 02:40:19,527: Epoch-98  T-Loss: 2.908, E-Loss: 1.828, Time: 160.75s, Need: 24.20h, LR: 0.2000, Acc: 69.65%
[INFO] 2020-12-06 02:43:00,425: Epoch-99  T-Loss: 2.907, E-Loss: 1.829, Time: 160.64s, Need: 24.14h, LR: 0.2000, Acc: 69.30%
[INFO] 2020-12-06 02:45:41,420: Epoch-100 T-Loss: 2.925, E-Loss: 1.905, Time: 160.78s, Need: 24.12h, LR: 0.2000, Acc: 66.82%
[INFO] 2020-12-06 02:48:22,403: Epoch-101 T-Loss: 2.908, E-Loss: 1.833, Time: 160.76s, Need: 24.07h, LR: 0.2000, Acc: 70.14%
[INFO] 2020-12-06 02:51:03,283: Epoch-102 T-Loss: 2.914, E-Loss: 1.849, Time: 160.64s, Need: 24.01h, LR: 0.2000, Acc: 69.58%
[INFO] 2020-12-06 02:53:44,271: Epoch-103 T-Loss: 2.906, E-Loss: 1.778, Time: 160.77s, Need: 23.98h, LR: 0.2000, Acc: 69.95%
[INFO] 2020-12-06 02:56:25,362: Epoch-104 T-Loss: 2.917, E-Loss: 1.785, Time: 160.86s, Need: 23.95h, LR: 0.2000, Acc: 69.90%
[INFO] 2020-12-06 02:59:06,325: Epoch-105 T-Loss: 2.889, E-Loss: 1.784, Time: 160.70s, Need: 23.88h, LR: 0.2000, Acc: 70.67%
[INFO] 2020-12-06 02:59:06,612: [  BEST  ] - A best model in epoch 105 - 70.670%
[INFO] 2020-12-06 03:01:47,348: Epoch-106 T-Loss: 2.897, E-Loss: 1.775, Time: 160.73s, Need: 23.84h, LR: 0.2000, Acc: 70.97%
[INFO] 2020-12-06 03:01:47,619: [  BEST  ] - A best model in epoch 106 - 70.970%
[INFO] 2020-12-06 03:04:28,400: Epoch-107 T-Loss: 2.879, E-Loss: 1.780, Time: 160.78s, Need: 23.80h, LR: 0.2000, Acc: 71.54%
[INFO] 2020-12-06 03:04:29,179: [  BEST  ] - A best model in epoch 107 - 71.540%
[INFO] 2020-12-06 03:07:09,875: Epoch-108 T-Loss: 2.890, E-Loss: 1.762, Time: 160.69s, Need: 23.75h, LR: 0.2000, Acc: 70.71%
[INFO] 2020-12-06 03:09:50,959: Epoch-109 T-Loss: 2.880, E-Loss: 1.768, Time: 160.85s, Need: 23.73h, LR: 0.2000, Acc: 70.38%
[INFO] 2020-12-06 03:12:31,993: Epoch-110 T-Loss: 2.872, E-Loss: 1.733, Time: 160.80s, Need: 23.67h, LR: 0.2000, Acc: 71.46%
[INFO] 2020-12-06 03:15:13,006: Epoch-111 T-Loss: 2.896, E-Loss: 1.723, Time: 160.79s, Need: 23.63h, LR: 0.2000, Acc: 72.12%
[INFO] 2020-12-06 03:15:13,295: [  BEST  ] - A best model in epoch 111 - 72.120%
[INFO] 2020-12-06 03:17:54,059: Epoch-112 T-Loss: 2.881, E-Loss: 1.764, Time: 160.76s, Need: 23.58h, LR: 0.2000, Acc: 70.91%
[INFO] 2020-12-06 03:20:35,075: Epoch-113 T-Loss: 2.916, E-Loss: 1.805, Time: 160.74s, Need: 23.53h, LR: 0.2000, Acc: 70.42%
[INFO] 2020-12-06 03:23:16,032: Epoch-114 T-Loss: 2.877, E-Loss: 1.841, Time: 160.72s, Need: 23.48h, LR: 0.2000, Acc: 70.31%
[INFO] 2020-12-06 03:25:57,195: Epoch-115 T-Loss: 2.875, E-Loss: 1.803, Time: 160.94s, Need: 23.47h, LR: 0.2000, Acc: 70.88%
[INFO] 2020-12-06 03:28:38,321: Epoch-116 T-Loss: 2.852, E-Loss: 1.797, Time: 160.89s, Need: 23.42h, LR: 0.2000, Acc: 69.65%
[INFO] 2020-12-06 03:31:19,268: Epoch-117 T-Loss: 2.864, E-Loss: 1.804, Time: 160.71s, Need: 23.35h, LR: 0.2000, Acc: 70.16%
[INFO] 2020-12-06 03:34:00,212: Epoch-118 T-Loss: 2.870, E-Loss: 1.789, Time: 160.71s, Need: 23.30h, LR: 0.2000, Acc: 69.93%
[INFO] 2020-12-06 03:36:41,354: Epoch-119 T-Loss: 2.874, E-Loss: 1.763, Time: 160.90s, Need: 23.29h, LR: 0.2000, Acc: 70.59%
[INFO] 2020-12-06 03:39:22,428: Epoch-120 T-Loss: 2.870, E-Loss: 1.822, Time: 160.85s, Need: 23.23h, LR: 0.2000, Acc: 69.33%
[INFO] 2020-12-06 03:42:03,577: Epoch-121 T-Loss: 2.876, E-Loss: 1.810, Time: 160.91s, Need: 23.20h, LR: 0.2000, Acc: 69.62%
[INFO] 2020-12-06 03:44:44,770: Epoch-122 T-Loss: 2.896, E-Loss: 1.773, Time: 160.94s, Need: 23.16h, LR: 0.2000, Acc: 70.40%
[INFO] 2020-12-06 03:47:25,832: Epoch-123 T-Loss: 2.872, E-Loss: 1.823, Time: 160.83s, Need: 23.10h, LR: 0.2000, Acc: 70.18%
[INFO] 2020-12-06 03:50:07,127: Epoch-124 T-Loss: 2.887, E-Loss: 1.817, Time: 161.05s, Need: 23.08h, LR: 0.2000, Acc: 70.22%
[INFO] 2020-12-06 03:52:48,216: Epoch-125 T-Loss: 2.873, E-Loss: 1.820, Time: 160.82s, Need: 23.01h, LR: 0.2000, Acc: 69.08%
[INFO] 2020-12-06 03:55:29,341: Epoch-126 T-Loss: 2.873, E-Loss: 1.774, Time: 160.89s, Need: 22.97h, LR: 0.2000, Acc: 69.76%
[INFO] 2020-12-06 03:58:10,224: Epoch-127 T-Loss: 2.871, E-Loss: 1.736, Time: 160.66s, Need: 22.89h, LR: 0.2000, Acc: 70.61%
[INFO] 2020-12-06 04:00:51,225: Epoch-128 T-Loss: 2.876, E-Loss: 1.781, Time: 160.76s, Need: 22.86h, LR: 0.2000, Acc: 70.77%
[INFO] 2020-12-06 04:03:32,278: Epoch-129 T-Loss: 2.881, E-Loss: 1.739, Time: 160.83s, Need: 22.83h, LR: 0.2000, Acc: 71.58%
[INFO] 2020-12-06 04:06:13,816: Epoch-130 T-Loss: 2.882, E-Loss: 1.814, Time: 160.84s, Need: 22.79h, LR: 0.2000, Acc: 69.81%
[INFO] 2020-12-06 04:08:54,685: Epoch-131 T-Loss: 2.856, E-Loss: 1.784, Time: 160.64s, Need: 22.71h, LR: 0.2000, Acc: 70.32%
[INFO] 2020-12-06 04:11:35,830: Epoch-132 T-Loss: 2.854, E-Loss: 1.791, Time: 160.90s, Need: 22.71h, LR: 0.2000, Acc: 70.47%
[INFO] 2020-12-06 04:14:16,752: Epoch-133 T-Loss: 2.870, E-Loss: 1.779, Time: 160.69s, Need: 22.63h, LR: 0.2000, Acc: 70.81%
[INFO] 2020-12-06 04:16:57,738: Epoch-134 T-Loss: 2.890, E-Loss: 1.736, Time: 160.75s, Need: 22.59h, LR: 0.2000, Acc: 70.78%
[INFO] 2020-12-06 04:19:38,873: Epoch-135 T-Loss: 2.851, E-Loss: 1.774, Time: 160.89s, Need: 22.57h, LR: 0.2000, Acc: 70.95%
[INFO] 2020-12-06 04:22:19,895: Epoch-136 T-Loss: 2.867, E-Loss: 1.744, Time: 160.78s, Need: 22.51h, LR: 0.2000, Acc: 71.79%
[INFO] 2020-12-06 04:25:00,931: Epoch-137 T-Loss: 2.892, E-Loss: 1.812, Time: 160.78s, Need: 22.47h, LR: 0.2000, Acc: 70.31%
[INFO] 2020-12-06 04:27:41,885: Epoch-138 T-Loss: 2.844, E-Loss: 1.735, Time: 160.72s, Need: 22.41h, LR: 0.2000, Acc: 71.23%
[INFO] 2020-12-06 04:30:22,858: Epoch-139 T-Loss: 2.878, E-Loss: 1.756, Time: 160.75s, Need: 22.37h, LR: 0.2000, Acc: 71.11%
[INFO] 2020-12-06 04:33:03,734: Epoch-140 T-Loss: 2.852, E-Loss: 1.848, Time: 160.65s, Need: 22.31h, LR: 0.2000, Acc: 69.10%
[INFO] 2020-12-06 04:35:44,671: Epoch-141 T-Loss: 2.865, E-Loss: 1.789, Time: 160.70s, Need: 22.27h, LR: 0.2000, Acc: 70.96%
[INFO] 2020-12-06 04:38:25,553: Epoch-142 T-Loss: 2.853, E-Loss: 1.807, Time: 160.65s, Need: 22.22h, LR: 0.2000, Acc: 70.08%
[INFO] 2020-12-06 04:41:06,468: Epoch-143 T-Loss: 2.853, E-Loss: 1.851, Time: 160.69s, Need: 22.18h, LR: 0.2000, Acc: 69.16%
[INFO] 2020-12-06 04:43:47,376: Epoch-144 T-Loss: 2.876, E-Loss: 1.783, Time: 160.67s, Need: 22.14h, LR: 0.2000, Acc: 71.11%
[INFO] 2020-12-06 04:46:28,399: Epoch-145 T-Loss: 2.882, E-Loss: 1.746, Time: 160.78s, Need: 22.11h, LR: 0.2000, Acc: 71.79%
[INFO] 2020-12-06 04:49:09,422: Epoch-146 T-Loss: 2.864, E-Loss: 1.738, Time: 160.78s, Need: 22.06h, LR: 0.2000, Acc: 71.34%
[INFO] 2020-12-06 04:51:50,335: Epoch-147 T-Loss: 2.858, E-Loss: 1.750, Time: 160.69s, Need: 22.01h, LR: 0.2000, Acc: 71.29%
[INFO] 2020-12-06 04:54:31,369: Epoch-148 T-Loss: 2.851, E-Loss: 1.720, Time: 160.79s, Need: 21.98h, LR: 0.2000, Acc: 72.35%
[INFO] 2020-12-06 04:54:31,657: [  BEST  ] - A best model in epoch 148 - 72.350%
[INFO] 2020-12-06 04:57:12,347: Epoch-149 T-Loss: 2.882, E-Loss: 1.718, Time: 160.69s, Need: 21.92h, LR: 0.2000, Acc: 71.42%
[INFO] 2020-12-06 04:59:53,278: Epoch-150 T-Loss: 2.856, E-Loss: 1.776, Time: 160.71s, Need: 21.87h, LR: 0.2000, Acc: 70.65%
[INFO] 2020-12-06 05:02:34,274: Epoch-151 T-Loss: 2.848, E-Loss: 1.736, Time: 160.71s, Need: 21.83h, LR: 0.2000, Acc: 71.24%
[INFO] 2020-12-06 05:05:15,205: Epoch-152 T-Loss: 2.839, E-Loss: 1.794, Time: 160.70s, Need: 21.78h, LR: 0.2000, Acc: 70.76%
[INFO] 2020-12-06 05:07:56,142: Epoch-153 T-Loss: 2.858, E-Loss: 1.817, Time: 160.70s, Need: 21.74h, LR: 0.2000, Acc: 71.85%
[INFO] 2020-12-06 05:10:37,045: Epoch-154 T-Loss: 2.801, E-Loss: 1.780, Time: 160.66s, Need: 21.69h, LR: 0.2000, Acc: 70.91%
[INFO] 2020-12-06 05:13:18,404: Epoch-155 T-Loss: 2.827, E-Loss: 1.786, Time: 161.06s, Need: 21.70h, LR: 0.2000, Acc: 71.35%
[INFO] 2020-12-06 05:15:59,710: Epoch-156 T-Loss: 2.847, E-Loss: 1.756, Time: 160.93s, Need: 21.64h, LR: 0.2000, Acc: 70.43%
[INFO] 2020-12-06 05:18:41,170: Epoch-157 T-Loss: 2.827, E-Loss: 1.763, Time: 160.85s, Need: 21.58h, LR: 0.2000, Acc: 70.47%
[INFO] 2020-12-06 05:21:22,248: Epoch-158 T-Loss: 2.849, E-Loss: 1.707, Time: 160.84s, Need: 21.53h, LR: 0.2000, Acc: 71.84%
[INFO] 2020-12-06 05:24:03,101: Epoch-159 T-Loss: 2.866, E-Loss: 1.740, Time: 160.61s, Need: 21.46h, LR: 0.2000, Acc: 71.40%
[INFO] 2020-12-06 05:26:44,076: Epoch-160 T-Loss: 2.843, E-Loss: 1.717, Time: 160.73s, Need: 21.43h, LR: 0.2000, Acc: 71.91%
[INFO] 2020-12-06 05:29:25,113: Epoch-161 T-Loss: 2.869, E-Loss: 1.708, Time: 160.79s, Need: 21.39h, LR: 0.2000, Acc: 72.04%
[INFO] 2020-12-06 05:32:06,141: Epoch-162 T-Loss: 2.853, E-Loss: 1.809, Time: 160.79s, Need: 21.35h, LR: 0.2000, Acc: 70.39%
[INFO] 2020-12-06 05:34:47,047: Epoch-163 T-Loss: 2.852, E-Loss: 1.732, Time: 160.66s, Need: 21.29h, LR: 0.2000, Acc: 71.73%
[INFO] 2020-12-06 05:37:28,091: Epoch-164 T-Loss: 2.851, E-Loss: 1.775, Time: 160.80s, Need: 21.26h, LR: 0.2000, Acc: 71.06%
[INFO] 2020-12-06 05:40:08,950: Epoch-165 T-Loss: 2.867, E-Loss: 1.809, Time: 160.62s, Need: 21.19h, LR: 0.2000, Acc: 71.10%
[INFO] 2020-12-06 05:42:49,910: Epoch-166 T-Loss: 2.801, E-Loss: 1.746, Time: 160.72s, Need: 21.16h, LR: 0.2000, Acc: 71.12%
[INFO] 2020-12-06 05:45:30,859: Epoch-167 T-Loss: 2.805, E-Loss: 1.769, Time: 160.71s, Need: 21.12h, LR: 0.2000, Acc: 69.92%
[INFO] 2020-12-06 05:48:11,688: Epoch-168 T-Loss: 2.864, E-Loss: 1.714, Time: 160.59s, Need: 21.06h, LR: 0.2000, Acc: 71.90%
[INFO] 2020-12-06 05:50:52,625: Epoch-169 T-Loss: 2.834, E-Loss: 1.802, Time: 160.70s, Need: 21.03h, LR: 0.2000, Acc: 70.23%
[INFO] 2020-12-06 05:53:33,680: Epoch-170 T-Loss: 2.881, E-Loss: 1.771, Time: 160.80s, Need: 20.99h, LR: 0.2000, Acc: 70.51%
[INFO] 2020-12-06 05:56:14,820: Epoch-171 T-Loss: 2.841, E-Loss: 1.708, Time: 160.90s, Need: 20.96h, LR: 0.2000, Acc: 72.13%
[INFO] 2020-12-06 05:58:55,844: Epoch-172 T-Loss: 2.846, E-Loss: 1.804, Time: 160.79s, Need: 20.90h, LR: 0.2000, Acc: 70.50%
[INFO] 2020-12-06 06:01:37,218: Epoch-173 T-Loss: 2.842, E-Loss: 1.784, Time: 161.05s, Need: 20.89h, LR: 0.2000, Acc: 70.30%
[INFO] 2020-12-06 06:04:18,374: Epoch-174 T-Loss: 2.884, E-Loss: 1.860, Time: 160.89s, Need: 20.83h, LR: 0.2000, Acc: 70.27%
[INFO] 2020-12-06 06:06:59,536: Epoch-175 T-Loss: 2.827, E-Loss: 1.812, Time: 160.93s, Need: 20.79h, LR: 0.2000, Acc: 70.84%
[INFO] 2020-12-06 06:09:40,548: Epoch-176 T-Loss: 2.845, E-Loss: 1.766, Time: 160.78s, Need: 20.72h, LR: 0.2000, Acc: 71.49%
[INFO] 2020-12-06 06:12:21,500: Epoch-177 T-Loss: 2.818, E-Loss: 1.740, Time: 160.72s, Need: 20.67h, LR: 0.2000, Acc: 71.07%
[INFO] 2020-12-06 06:15:02,737: Epoch-178 T-Loss: 2.857, E-Loss: 1.796, Time: 161.01s, Need: 20.66h, LR: 0.2000, Acc: 70.15%
[INFO] 2020-12-06 06:17:43,754: Epoch-179 T-Loss: 2.868, E-Loss: 1.744, Time: 160.79s, Need: 20.59h, LR: 0.2000, Acc: 71.14%
[INFO] 2020-12-06 06:20:24,764: Epoch-180 T-Loss: 2.847, E-Loss: 1.839, Time: 160.78s, Need: 20.54h, LR: 0.2000, Acc: 69.60%
[INFO] 2020-12-06 06:23:05,668: Epoch-181 T-Loss: 2.823, E-Loss: 1.737, Time: 160.66s, Need: 20.48h, LR: 0.2000, Acc: 71.64%
[INFO] 2020-12-06 06:25:46,675: Epoch-182 T-Loss: 2.833, E-Loss: 1.819, Time: 160.76s, Need: 20.45h, LR: 0.2000, Acc: 70.21%
[INFO] 2020-12-06 06:28:27,575: Epoch-183 T-Loss: 2.828, E-Loss: 1.748, Time: 160.66s, Need: 20.39h, LR: 0.2000, Acc: 71.71%
[INFO] 2020-12-06 06:31:08,704: Epoch-184 T-Loss: 2.812, E-Loss: 1.739, Time: 160.89s, Need: 20.38h, LR: 0.2000, Acc: 71.00%
[INFO] 2020-12-06 06:33:49,730: Epoch-185 T-Loss: 2.825, E-Loss: 1.782, Time: 160.79s, Need: 20.32h, LR: 0.2000, Acc: 71.29%
[INFO] 2020-12-06 06:36:30,898: Epoch-186 T-Loss: 2.856, E-Loss: 1.793, Time: 160.93s, Need: 20.30h, LR: 0.2000, Acc: 70.23%
[INFO] 2020-12-06 06:39:11,758: Epoch-187 T-Loss: 2.887, E-Loss: 1.778, Time: 160.63s, Need: 20.21h, LR: 0.2000, Acc: 71.40%
[INFO] 2020-12-06 06:41:52,796: Epoch-188 T-Loss: 2.839, E-Loss: 1.711, Time: 160.79s, Need: 20.19h, LR: 0.2000, Acc: 71.80%
[INFO] 2020-12-06 06:44:34,142: Epoch-189 T-Loss: 2.826, E-Loss: 1.727, Time: 160.69s, Need: 20.13h, LR: 0.2000, Acc: 72.25%
[INFO] 2020-12-06 06:47:15,151: Epoch-190 T-Loss: 2.837, E-Loss: 1.753, Time: 160.76s, Need: 20.10h, LR: 0.2000, Acc: 71.96%
[INFO] 2020-12-06 06:49:56,006: Epoch-191 T-Loss: 2.810, E-Loss: 1.769, Time: 160.61s, Need: 20.03h, LR: 0.2000, Acc: 72.00%
[INFO] 2020-12-06 06:52:36,992: Epoch-192 T-Loss: 2.819, E-Loss: 1.752, Time: 160.75s, Need: 20.00h, LR: 0.2000, Acc: 71.25%
[INFO] 2020-12-06 06:55:18,044: Epoch-193 T-Loss: 2.853, E-Loss: 1.797, Time: 160.81s, Need: 19.97h, LR: 0.2000, Acc: 70.60%
[INFO] 2020-12-06 06:57:59,080: Epoch-194 T-Loss: 2.832, E-Loss: 1.718, Time: 160.79s, Need: 19.92h, LR: 0.2000, Acc: 72.50%
[INFO] 2020-12-06 06:57:59,364: [  BEST  ] - A best model in epoch 194 - 72.500%
[INFO] 2020-12-06 07:00:40,095: Epoch-195 T-Loss: 2.811, E-Loss: 1.772, Time: 160.73s, Need: 19.87h, LR: 0.2000, Acc: 71.57%
[INFO] 2020-12-06 07:03:21,148: Epoch-196 T-Loss: 2.819, E-Loss: 1.742, Time: 160.82s, Need: 19.83h, LR: 0.2000, Acc: 70.86%
[INFO] 2020-12-06 07:06:02,334: Epoch-197 T-Loss: 2.830, E-Loss: 1.755, Time: 160.92s, Need: 19.80h, LR: 0.2000, Acc: 71.28%
[INFO] 2020-12-06 07:08:43,346: Epoch-198 T-Loss: 2.850, E-Loss: 1.729, Time: 160.77s, Need: 19.74h, LR: 0.2000, Acc: 71.90%
[INFO] 2020-12-06 07:11:24,416: Epoch-199 T-Loss: 2.805, E-Loss: 1.735, Time: 160.82s, Need: 19.70h, LR: 0.2000, Acc: 72.09%
[INFO] 2020-12-06 07:14:05,594: Epoch-200 T-Loss: 2.814, E-Loss: 1.764, Time: 160.91s, Need: 19.67h, LR: 0.2000, Acc: 71.31%
[INFO] 2020-12-06 07:16:46,524: Epoch-201 T-Loss: 2.823, E-Loss: 1.737, Time: 160.69s, Need: 19.59h, LR: 0.2000, Acc: 72.55%
[INFO] 2020-12-06 07:16:46,822: [  BEST  ] - A best model in epoch 201 - 72.550%
[INFO] 2020-12-06 07:19:27,586: Epoch-202 T-Loss: 2.795, E-Loss: 1.728, Time: 160.76s, Need: 19.56h, LR: 0.2000, Acc: 71.97%
[INFO] 2020-12-06 07:22:08,445: Epoch-203 T-Loss: 2.822, E-Loss: 1.754, Time: 160.60s, Need: 19.50h, LR: 0.2000, Acc: 71.83%
[INFO] 2020-12-06 07:24:49,814: Epoch-204 T-Loss: 2.797, E-Loss: 1.726, Time: 161.13s, Need: 19.51h, LR: 0.2000, Acc: 72.18%
[INFO] 2020-12-06 07:27:30,842: Epoch-205 T-Loss: 2.833, E-Loss: 1.749, Time: 160.78s, Need: 19.43h, LR: 0.2000, Acc: 71.33%
[INFO] 2020-12-06 07:30:11,887: Epoch-206 T-Loss: 2.832, E-Loss: 1.780, Time: 160.81s, Need: 19.39h, LR: 0.2000, Acc: 72.33%
[INFO] 2020-12-06 07:32:52,941: Epoch-207 T-Loss: 2.792, E-Loss: 1.753, Time: 160.82s, Need: 19.34h, LR: 0.2000, Acc: 72.15%
[INFO] 2020-12-06 07:35:34,189: Epoch-208 T-Loss: 2.805, E-Loss: 1.730, Time: 161.02s, Need: 19.32h, LR: 0.2000, Acc: 71.79%
[INFO] 2020-12-06 07:38:15,232: Epoch-209 T-Loss: 2.837, E-Loss: 1.804, Time: 160.82s, Need: 19.25h, LR: 0.2000, Acc: 70.85%
[INFO] 2020-12-06 07:40:56,422: Epoch-210 T-Loss: 2.849, E-Loss: 1.746, Time: 160.95s, Need: 19.23h, LR: 0.2000, Acc: 72.32%
[INFO] 2020-12-06 07:43:37,458: Epoch-211 T-Loss: 2.826, E-Loss: 1.732, Time: 160.81s, Need: 19.16h, LR: 0.2000, Acc: 71.67%
[INFO] 2020-12-06 07:46:18,454: Epoch-212 T-Loss: 2.815, E-Loss: 1.788, Time: 160.77s, Need: 19.11h, LR: 0.2000, Acc: 71.79%
[INFO] 2020-12-06 07:48:59,560: Epoch-213 T-Loss: 2.834, E-Loss: 1.803, Time: 160.88s, Need: 19.08h, LR: 0.2000, Acc: 69.18%
[INFO] 2020-12-06 07:51:40,584: Epoch-214 T-Loss: 2.801, E-Loss: 1.686, Time: 160.79s, Need: 19.03h, LR: 0.2000, Acc: 72.37%
[INFO] 2020-12-06 07:54:21,584: Epoch-215 T-Loss: 2.800, E-Loss: 1.700, Time: 160.76s, Need: 18.98h, LR: 0.2000, Acc: 72.48%
[INFO] 2020-12-06 07:57:02,531: Epoch-216 T-Loss: 2.806, E-Loss: 1.742, Time: 160.72s, Need: 18.93h, LR: 0.2000, Acc: 71.69%
[INFO] 2020-12-06 07:59:43,457: Epoch-217 T-Loss: 2.796, E-Loss: 1.756, Time: 160.65s, Need: 18.88h, LR: 0.2000, Acc: 71.38%
[INFO] 2020-12-06 08:02:24,568: Epoch-218 T-Loss: 2.835, E-Loss: 1.727, Time: 160.87s, Need: 18.86h, LR: 0.2000, Acc: 71.49%
[INFO] 2020-12-06 08:05:05,691: Epoch-219 T-Loss: 2.791, E-Loss: 1.748, Time: 160.89s, Need: 18.81h, LR: 0.2000, Acc: 71.42%
[INFO] 2020-12-06 08:07:46,768: Epoch-220 T-Loss: 2.845, E-Loss: 1.739, Time: 160.83s, Need: 18.76h, LR: 0.2000, Acc: 71.96%
[INFO] 2020-12-06 08:10:27,906: Epoch-221 T-Loss: 2.785, E-Loss: 1.739, Time: 160.91s, Need: 18.73h, LR: 0.2000, Acc: 71.84%
[INFO] 2020-12-06 08:13:08,992: Epoch-222 T-Loss: 2.819, E-Loss: 1.818, Time: 160.85s, Need: 18.68h, LR: 0.2000, Acc: 70.93%
[INFO] 2020-12-06 08:15:49,991: Epoch-223 T-Loss: 2.824, E-Loss: 1.751, Time: 160.76s, Need: 18.62h, LR: 0.2000, Acc: 71.63%
[INFO] 2020-12-06 08:18:31,043: Epoch-224 T-Loss: 2.828, E-Loss: 1.720, Time: 160.81s, Need: 18.58h, LR: 0.2000, Acc: 72.67%
[INFO] 2020-12-06 08:18:31,342: [  BEST  ] - A best model in epoch 224 - 72.670%
[INFO] 2020-12-06 08:21:12,073: Epoch-225 T-Loss: 2.778, E-Loss: 1.671, Time: 160.73s, Need: 18.53h, LR: 0.2000, Acc: 72.56%
[INFO] 2020-12-06 08:23:52,994: Epoch-226 T-Loss: 2.849, E-Loss: 1.696, Time: 160.67s, Need: 18.48h, LR: 0.2000, Acc: 72.41%
[INFO] 2020-12-06 08:26:34,530: Epoch-227 T-Loss: 2.843, E-Loss: 1.688, Time: 160.79s, Need: 18.45h, LR: 0.2000, Acc: 72.75%
[INFO] 2020-12-06 08:26:34,825: [  BEST  ] - A best model in epoch 227 - 72.750%
[INFO] 2020-12-06 08:29:15,437: Epoch-228 T-Loss: 2.830, E-Loss: 1.778, Time: 160.61s, Need: 18.38h, LR: 0.2000, Acc: 71.68%
[INFO] 2020-12-06 08:31:56,384: Epoch-229 T-Loss: 2.814, E-Loss: 1.797, Time: 160.71s, Need: 18.35h, LR: 0.2000, Acc: 70.96%
[INFO] 2020-12-06 08:34:37,615: Epoch-230 T-Loss: 2.783, E-Loss: 1.734, Time: 160.99s, Need: 18.34h, LR: 0.2000, Acc: 71.77%
[INFO] 2020-12-06 08:37:18,730: Epoch-231 T-Loss: 2.791, E-Loss: 1.741, Time: 160.88s, Need: 18.28h, LR: 0.2000, Acc: 71.41%
[INFO] 2020-12-06 08:39:59,594: Epoch-232 T-Loss: 2.820, E-Loss: 1.701, Time: 160.62s, Need: 18.20h, LR: 0.2000, Acc: 72.23%
[INFO] 2020-12-06 08:42:40,556: Epoch-233 T-Loss: 2.809, E-Loss: 1.744, Time: 160.73s, Need: 18.17h, LR: 0.2000, Acc: 72.20%
[INFO] 2020-12-06 08:45:21,555: Epoch-234 T-Loss: 2.786, E-Loss: 1.739, Time: 160.77s, Need: 18.13h, LR: 0.2000, Acc: 71.72%
[INFO] 2020-12-06 08:48:02,352: Epoch-235 T-Loss: 2.810, E-Loss: 1.767, Time: 160.57s, Need: 18.06h, LR: 0.2000, Acc: 71.87%
[INFO] 2020-12-06 08:50:43,573: Epoch-236 T-Loss: 2.806, E-Loss: 1.709, Time: 160.98s, Need: 18.07h, LR: 0.2000, Acc: 72.69%
[INFO] 2020-12-06 08:53:24,544: Epoch-237 T-Loss: 2.810, E-Loss: 1.757, Time: 160.73s, Need: 17.99h, LR: 0.2000, Acc: 72.04%
[INFO] 2020-12-06 08:56:05,495: Epoch-238 T-Loss: 2.810, E-Loss: 1.724, Time: 160.71s, Need: 17.95h, LR: 0.2000, Acc: 71.85%
[INFO] 2020-12-06 08:58:46,548: Epoch-239 T-Loss: 2.815, E-Loss: 1.723, Time: 160.81s, Need: 17.91h, LR: 0.2000, Acc: 72.30%
[INFO] 2020-12-06 09:01:27,593: Epoch-240 T-Loss: 2.828, E-Loss: 1.728, Time: 160.80s, Need: 17.87h, LR: 0.2000, Acc: 71.53%
[INFO] 2020-12-06 09:04:08,613: Epoch-241 T-Loss: 2.792, E-Loss: 1.721, Time: 160.78s, Need: 17.82h, LR: 0.2000, Acc: 73.24%
[INFO] 2020-12-06 09:04:08,895: [  BEST  ] - A best model in epoch 241 - 73.240%
[INFO] 2020-12-06 09:06:49,621: Epoch-242 T-Loss: 2.805, E-Loss: 1.728, Time: 160.72s, Need: 17.77h, LR: 0.2000, Acc: 72.45%
[INFO] 2020-12-06 09:09:30,901: Epoch-243 T-Loss: 2.797, E-Loss: 1.775, Time: 161.04s, Need: 17.76h, LR: 0.2000, Acc: 71.47%
[INFO] 2020-12-06 09:12:11,847: Epoch-244 T-Loss: 2.807, E-Loss: 1.744, Time: 160.71s, Need: 17.68h, LR: 0.2000, Acc: 73.04%
[INFO] 2020-12-06 09:14:52,893: Epoch-245 T-Loss: 2.782, E-Loss: 1.756, Time: 160.76s, Need: 17.64h, LR: 0.2000, Acc: 71.99%
[INFO] 2020-12-06 09:17:33,844: Epoch-246 T-Loss: 2.813, E-Loss: 1.705, Time: 160.72s, Need: 17.59h, LR: 0.2000, Acc: 72.01%
[INFO] 2020-12-06 09:20:14,890: Epoch-247 T-Loss: 2.824, E-Loss: 1.816, Time: 160.80s, Need: 17.55h, LR: 0.2000, Acc: 71.52%
[INFO] 2020-12-06 09:22:56,356: Epoch-248 T-Loss: 2.797, E-Loss: 1.782, Time: 161.22s, Need: 17.56h, LR: 0.2000, Acc: 70.54%
[INFO] 2020-12-06 09:25:37,383: Epoch-249 T-Loss: 2.798, E-Loss: 1.774, Time: 160.78s, Need: 17.46h, LR: 0.2000, Acc: 71.62%
[INFO] 2020-12-06 09:28:18,549: Epoch-250 T-Loss: 2.848, E-Loss: 1.744, Time: 160.93s, Need: 17.43h, LR: 0.2000, Acc: 72.36%
[INFO] 2020-12-06 09:30:59,616: Epoch-251 T-Loss: 2.799, E-Loss: 1.750, Time: 160.82s, Need: 17.38h, LR: 0.2000, Acc: 71.80%
[INFO] 2020-12-06 09:33:40,564: Epoch-252 T-Loss: 2.806, E-Loss: 1.752, Time: 160.72s, Need: 17.32h, LR: 0.2000, Acc: 71.79%
[INFO] 2020-12-06 09:36:22,333: Epoch-253 T-Loss: 2.796, E-Loss: 1.757, Time: 161.54s, Need: 17.37h, LR: 0.2000, Acc: 70.82%
[INFO] 2020-12-06 09:39:03,289: Epoch-254 T-Loss: 2.803, E-Loss: 1.710, Time: 160.71s, Need: 17.23h, LR: 0.2000, Acc: 72.42%
[INFO] 2020-12-06 09:41:44,366: Epoch-255 T-Loss: 2.836, E-Loss: 1.747, Time: 160.83s, Need: 17.20h, LR: 0.2000, Acc: 71.71%
[INFO] 2020-12-06 09:44:25,676: Epoch-256 T-Loss: 2.806, E-Loss: 1.776, Time: 161.08s, Need: 17.18h, LR: 0.2000, Acc: 71.65%
[INFO] 2020-12-06 09:47:06,651: Epoch-257 T-Loss: 2.822, E-Loss: 1.724, Time: 160.75s, Need: 17.10h, LR: 0.2000, Acc: 72.89%
[INFO] 2020-12-06 09:49:48,073: Epoch-258 T-Loss: 2.835, E-Loss: 1.762, Time: 161.19s, Need: 17.10h, LR: 0.2000, Acc: 72.17%
[INFO] 2020-12-06 09:52:29,095: Epoch-259 T-Loss: 2.799, E-Loss: 1.788, Time: 160.79s, Need: 17.02h, LR: 0.2000, Acc: 72.23%
[INFO] 2020-12-06 09:55:10,259: Epoch-260 T-Loss: 2.813, E-Loss: 1.741, Time: 160.93s, Need: 16.99h, LR: 0.2000, Acc: 71.58%
[INFO] 2020-12-06 09:57:51,512: Epoch-261 T-Loss: 2.816, E-Loss: 1.742, Time: 161.02s, Need: 16.95h, LR: 0.2000, Acc: 71.93%
[INFO] 2020-12-06 10:00:32,672: Epoch-262 T-Loss: 2.831, E-Loss: 1.728, Time: 160.93s, Need: 16.90h, LR: 0.2000, Acc: 71.98%
[INFO] 2020-12-06 10:03:13,816: Epoch-263 T-Loss: 2.795, E-Loss: 1.715, Time: 160.89s, Need: 16.85h, LR: 0.2000, Acc: 72.00%
[INFO] 2020-12-06 10:05:54,972: Epoch-264 T-Loss: 2.861, E-Loss: 1.713, Time: 160.93s, Need: 16.81h, LR: 0.2000, Acc: 71.99%
[INFO] 2020-12-06 10:08:36,366: Epoch-265 T-Loss: 2.810, E-Loss: 1.772, Time: 161.16s, Need: 16.79h, LR: 0.2000, Acc: 71.22%
[INFO] 2020-12-06 10:11:17,397: Epoch-266 T-Loss: 2.827, E-Loss: 1.718, Time: 160.79s, Need: 16.70h, LR: 0.2000, Acc: 72.50%
[INFO] 2020-12-06 10:13:58,769: Epoch-267 T-Loss: 2.831, E-Loss: 1.695, Time: 161.13s, Need: 16.69h, LR: 0.2000, Acc: 72.30%
[INFO] 2020-12-06 10:16:39,990: Epoch-268 T-Loss: 2.802, E-Loss: 1.748, Time: 160.98s, Need: 16.63h, LR: 0.2000, Acc: 71.88%
[INFO] 2020-12-06 10:19:21,074: Epoch-269 T-Loss: 2.788, E-Loss: 1.750, Time: 160.84s, Need: 16.58h, LR: 0.2000, Acc: 71.15%
[INFO] 2020-12-06 10:22:02,458: Epoch-270 T-Loss: 2.805, E-Loss: 1.751, Time: 161.14s, Need: 16.56h, LR: 0.2000, Acc: 71.11%
[INFO] 2020-12-06 10:24:43,485: Epoch-271 T-Loss: 2.886, E-Loss: 1.765, Time: 160.79s, Need: 16.48h, LR: 0.2000, Acc: 71.90%
[INFO] 2020-12-06 10:27:25,133: Epoch-272 T-Loss: 2.805, E-Loss: 1.705, Time: 160.79s, Need: 16.44h, LR: 0.2000, Acc: 72.77%
[INFO] 2020-12-06 10:30:06,306: Epoch-273 T-Loss: 2.811, E-Loss: 1.696, Time: 160.94s, Need: 16.41h, LR: 0.2000, Acc: 72.88%
[INFO] 2020-12-06 10:32:47,581: Epoch-274 T-Loss: 2.816, E-Loss: 1.736, Time: 161.03s, Need: 16.37h, LR: 0.2000, Acc: 71.96%
[INFO] 2020-12-06 10:35:28,724: Epoch-275 T-Loss: 2.817, E-Loss: 1.696, Time: 160.90s, Need: 16.31h, LR: 0.2000, Acc: 72.42%
[INFO] 2020-12-06 10:38:09,827: Epoch-276 T-Loss: 2.788, E-Loss: 1.692, Time: 160.87s, Need: 16.27h, LR: 0.2000, Acc: 73.00%
[INFO] 2020-12-06 10:40:51,043: Epoch-277 T-Loss: 2.812, E-Loss: 1.675, Time: 160.98s, Need: 16.23h, LR: 0.2000, Acc: 72.90%
[INFO] 2020-12-06 10:43:32,216: Epoch-278 T-Loss: 2.825, E-Loss: 1.791, Time: 160.93s, Need: 16.18h, LR: 0.2000, Acc: 71.64%
[INFO] 2020-12-06 10:46:13,372: Epoch-279 T-Loss: 2.803, E-Loss: 1.746, Time: 160.91s, Need: 16.14h, LR: 0.2000, Acc: 72.35%
[INFO] 2020-12-06 10:48:54,479: Epoch-280 T-Loss: 2.790, E-Loss: 1.698, Time: 160.86s, Need: 16.09h, LR: 0.2000, Acc: 72.17%
[INFO] 2020-12-06 10:51:35,759: Epoch-281 T-Loss: 2.826, E-Loss: 1.743, Time: 161.05s, Need: 16.06h, LR: 0.2000, Acc: 71.31%
[INFO] 2020-12-06 10:54:16,966: Epoch-282 T-Loss: 2.828, E-Loss: 1.669, Time: 160.91s, Need: 16.00h, LR: 0.2000, Acc: 73.76%
[INFO] 2020-12-06 10:54:17,281: [  BEST  ] - A best model in epoch 282 - 73.760%
[INFO] 2020-12-06 10:56:58,348: Epoch-283 T-Loss: 2.789, E-Loss: 1.756, Time: 161.07s, Need: 15.97h, LR: 0.2000, Acc: 72.19%
[INFO] 2020-12-06 10:59:39,468: Epoch-284 T-Loss: 2.826, E-Loss: 1.700, Time: 160.87s, Need: 15.91h, LR: 0.2000, Acc: 72.84%
[INFO] 2020-12-06 11:02:20,616: Epoch-285 T-Loss: 2.822, E-Loss: 1.745, Time: 160.92s, Need: 15.87h, LR: 0.2000, Acc: 71.31%
[INFO] 2020-12-06 11:05:02,057: Epoch-286 T-Loss: 2.799, E-Loss: 1.720, Time: 161.21s, Need: 15.85h, LR: 0.2000, Acc: 72.18%
[INFO] 2020-12-06 11:07:43,311: Epoch-287 T-Loss: 2.773, E-Loss: 1.734, Time: 161.01s, Need: 15.79h, LR: 0.2000, Acc: 71.64%
[INFO] 2020-12-06 11:10:24,852: Epoch-288 T-Loss: 2.823, E-Loss: 1.716, Time: 161.16s, Need: 15.76h, LR: 0.2000, Acc: 72.19%
[INFO] 2020-12-06 11:13:06,033: Epoch-289 T-Loss: 2.805, E-Loss: 1.755, Time: 160.92s, Need: 15.69h, LR: 0.2000, Acc: 72.31%
[INFO] 2020-12-06 11:15:47,461: Epoch-290 T-Loss: 2.857, E-Loss: 1.770, Time: 161.19s, Need: 15.67h, LR: 0.2000, Acc: 71.27%
[INFO] 2020-12-06 11:18:28,591: Epoch-291 T-Loss: 2.818, E-Loss: 1.742, Time: 160.88s, Need: 15.60h, LR: 0.2000, Acc: 72.30%
[INFO] 2020-12-06 11:21:09,742: Epoch-292 T-Loss: 2.783, E-Loss: 1.719, Time: 160.90s, Need: 15.55h, LR: 0.2000, Acc: 72.50%
[INFO] 2020-12-06 11:23:51,097: Epoch-293 T-Loss: 2.773, E-Loss: 1.726, Time: 161.11s, Need: 15.53h, LR: 0.2000, Acc: 72.44%
[INFO] 2020-12-06 11:26:32,552: Epoch-294 T-Loss: 2.760, E-Loss: 1.700, Time: 161.21s, Need: 15.49h, LR: 0.2000, Acc: 72.29%
[INFO] 2020-12-06 11:29:13,843: Epoch-295 T-Loss: 2.829, E-Loss: 1.769, Time: 161.05s, Need: 15.43h, LR: 0.2000, Acc: 72.34%
[INFO] 2020-12-06 11:31:55,137: Epoch-296 T-Loss: 2.754, E-Loss: 1.651, Time: 161.05s, Need: 15.39h, LR: 0.2000, Acc: 73.35%
[INFO] 2020-12-06 11:34:36,415: Epoch-297 T-Loss: 2.781, E-Loss: 1.726, Time: 161.03s, Need: 15.34h, LR: 0.2000, Acc: 73.22%
[INFO] 2020-12-06 11:37:17,724: Epoch-298 T-Loss: 2.802, E-Loss: 1.705, Time: 161.05s, Need: 15.30h, LR: 0.2000, Acc: 72.92%
[INFO] 2020-12-06 11:39:58,985: Epoch-299 T-Loss: 2.823, E-Loss: 1.762, Time: 161.02s, Need: 15.25h, LR: 0.0200, Acc: 71.77%
[INFO] 2020-12-06 11:42:40,346: Epoch-300 T-Loss: 2.599, E-Loss: 1.525, Time: 161.07s, Need: 15.21h, LR: 0.0200, Acc: 78.97%
[INFO] 2020-12-06 11:42:40,635: [  BEST  ] - A best model in epoch 300 - 78.970%
[INFO] 2020-12-06 11:45:21,540: Epoch-301 T-Loss: 2.509, E-Loss: 1.448, Time: 160.90s, Need: 15.15h, LR: 0.0200, Acc: 80.12%
[INFO] 2020-12-06 11:45:21,821: [  BEST  ] - A best model in epoch 301 - 80.120%
[INFO] 2020-12-06 11:48:02,941: Epoch-302 T-Loss: 2.524, E-Loss: 1.479, Time: 161.12s, Need: 15.13h, LR: 0.0200, Acc: 80.47%
[INFO] 2020-12-06 11:48:03,219: [  BEST  ] - A best model in epoch 302 - 80.470%
[INFO] 2020-12-06 11:50:44,060: Epoch-303 T-Loss: 2.465, E-Loss: 1.414, Time: 160.84s, Need: 15.06h, LR: 0.0200, Acc: 81.21%
[INFO] 2020-12-06 11:50:44,478: [  BEST  ] - A best model in epoch 303 - 81.210%
[INFO] 2020-12-06 11:53:25,552: Epoch-304 T-Loss: 2.452, E-Loss: 1.475, Time: 161.07s, Need: 15.03h, LR: 0.0200, Acc: 80.93%
[INFO] 2020-12-06 11:56:06,859: Epoch-305 T-Loss: 2.458, E-Loss: 1.436, Time: 161.07s, Need: 14.99h, LR: 0.0200, Acc: 81.31%
[INFO] 2020-12-06 11:56:07,142: [  BEST  ] - A best model in epoch 305 - 81.310%
[INFO] 2020-12-06 11:58:48,188: Epoch-306 T-Loss: 2.425, E-Loss: 1.441, Time: 161.04s, Need: 14.94h, LR: 0.0200, Acc: 81.01%
[INFO] 2020-12-06 12:01:29,424: Epoch-307 T-Loss: 2.392, E-Loss: 1.419, Time: 161.02s, Need: 14.89h, LR: 0.0200, Acc: 81.69%
[INFO] 2020-12-06 12:01:29,717: [  BEST  ] - A best model in epoch 307 - 81.690%
[INFO] 2020-12-06 12:04:10,584: Epoch-308 T-Loss: 2.372, E-Loss: 1.450, Time: 160.86s, Need: 14.84h, LR: 0.0200, Acc: 81.75%
[INFO] 2020-12-06 12:04:10,970: [  BEST  ] - A best model in epoch 308 - 81.750%
[INFO] 2020-12-06 12:06:51,985: Epoch-309 T-Loss: 2.384, E-Loss: 1.446, Time: 161.01s, Need: 14.80h, LR: 0.0200, Acc: 81.68%
[INFO] 2020-12-06 12:09:33,205: Epoch-310 T-Loss: 2.396, E-Loss: 1.415, Time: 160.98s, Need: 14.76h, LR: 0.0200, Acc: 82.19%
[INFO] 2020-12-06 12:09:33,606: [  BEST  ] - A best model in epoch 310 - 82.190%
[INFO] 2020-12-06 12:12:14,499: Epoch-311 T-Loss: 2.379, E-Loss: 1.415, Time: 160.89s, Need: 14.70h, LR: 0.0200, Acc: 82.20%
[INFO] 2020-12-06 12:12:14,789: [  BEST  ] - A best model in epoch 311 - 82.200%
[INFO] 2020-12-06 12:14:55,926: Epoch-312 T-Loss: 2.357, E-Loss: 1.402, Time: 161.13s, Need: 14.68h, LR: 0.0200, Acc: 81.85%
[INFO] 2020-12-06 12:17:37,184: Epoch-313 T-Loss: 2.381, E-Loss: 1.408, Time: 161.02s, Need: 14.63h, LR: 0.0200, Acc: 82.08%
[INFO] 2020-12-06 12:20:18,701: Epoch-314 T-Loss: 2.351, E-Loss: 1.401, Time: 161.11s, Need: 14.59h, LR: 0.0200, Acc: 82.19%
[INFO] 2020-12-06 12:22:59,786: Epoch-315 T-Loss: 2.312, E-Loss: 1.406, Time: 160.84s, Need: 14.52h, LR: 0.0200, Acc: 82.24%
[INFO] 2020-12-06 12:23:00,060: [  BEST  ] - A best model in epoch 315 - 82.240%
[INFO] 2020-12-06 12:25:41,118: Epoch-316 T-Loss: 2.359, E-Loss: 1.395, Time: 161.06s, Need: 14.50h, LR: 0.0200, Acc: 82.10%
[INFO] 2020-12-06 12:28:22,460: Epoch-317 T-Loss: 2.313, E-Loss: 1.424, Time: 161.12s, Need: 14.46h, LR: 0.0200, Acc: 82.02%
[INFO] 2020-12-06 12:31:03,924: Epoch-318 T-Loss: 2.324, E-Loss: 1.426, Time: 161.22s, Need: 14.42h, LR: 0.0200, Acc: 81.99%
[INFO] 2020-12-06 12:33:45,237: Epoch-319 T-Loss: 2.350, E-Loss: 1.433, Time: 161.08s, Need: 14.36h, LR: 0.0200, Acc: 81.98%
[INFO] 2020-12-06 12:36:26,482: Epoch-320 T-Loss: 2.322, E-Loss: 1.409, Time: 161.01s, Need: 14.31h, LR: 0.0200, Acc: 82.12%
[INFO] 2020-12-06 12:39:07,896: Epoch-321 T-Loss: 2.341, E-Loss: 1.415, Time: 161.18s, Need: 14.28h, LR: 0.0200, Acc: 82.34%
[INFO] 2020-12-06 12:39:08,174: [  BEST  ] - A best model in epoch 321 - 82.340%
[INFO] 2020-12-06 12:41:49,237: Epoch-322 T-Loss: 2.326, E-Loss: 1.426, Time: 161.06s, Need: 14.23h, LR: 0.0200, Acc: 82.07%
[INFO] 2020-12-06 12:44:30,453: Epoch-323 T-Loss: 2.282, E-Loss: 1.415, Time: 160.99s, Need: 14.18h, LR: 0.0200, Acc: 81.86%
[INFO] 2020-12-06 12:47:11,680: Epoch-324 T-Loss: 2.295, E-Loss: 1.411, Time: 161.01s, Need: 14.13h, LR: 0.0200, Acc: 82.44%
[INFO] 2020-12-06 12:47:11,967: [  BEST  ] - A best model in epoch 324 - 82.440%
[INFO] 2020-12-06 12:49:53,241: Epoch-325 T-Loss: 2.317, E-Loss: 1.425, Time: 161.27s, Need: 14.11h, LR: 0.0200, Acc: 82.33%
[INFO] 2020-12-06 12:52:35,237: Epoch-326 T-Loss: 2.324, E-Loss: 1.426, Time: 161.04s, Need: 14.05h, LR: 0.0200, Acc: 82.03%
[INFO] 2020-12-06 12:55:16,757: Epoch-327 T-Loss: 2.312, E-Loss: 1.451, Time: 161.11s, Need: 14.01h, LR: 0.0200, Acc: 82.10%
[INFO] 2020-12-06 12:57:58,118: Epoch-328 T-Loss: 2.312, E-Loss: 1.415, Time: 161.04s, Need: 13.96h, LR: 0.0200, Acc: 82.28%
[INFO] 2020-12-06 13:00:39,493: Epoch-329 T-Loss: 2.297, E-Loss: 1.446, Time: 161.14s, Need: 13.92h, LR: 0.0200, Acc: 81.92%
[INFO] 2020-12-06 13:03:20,900: Epoch-330 T-Loss: 2.318, E-Loss: 1.429, Time: 161.15s, Need: 13.88h, LR: 0.0200, Acc: 81.59%
[INFO] 2020-12-06 13:06:02,226: Epoch-331 T-Loss: 2.285, E-Loss: 1.419, Time: 161.08s, Need: 13.83h, LR: 0.0200, Acc: 81.65%
[INFO] 2020-12-06 13:08:43,373: Epoch-332 T-Loss: 2.315, E-Loss: 1.415, Time: 160.91s, Need: 13.77h, LR: 0.0200, Acc: 82.11%
[INFO] 2020-12-06 13:11:24,754: Epoch-333 T-Loss: 2.277, E-Loss: 1.426, Time: 161.14s, Need: 13.74h, LR: 0.0200, Acc: 81.86%
[INFO] 2020-12-06 13:14:06,230: Epoch-334 T-Loss: 2.253, E-Loss: 1.414, Time: 161.23s, Need: 13.70h, LR: 0.0200, Acc: 82.17%
[INFO] 2020-12-06 13:16:47,448: Epoch-335 T-Loss: 2.298, E-Loss: 1.399, Time: 160.99s, Need: 13.64h, LR: 0.0200, Acc: 82.20%
[INFO] 2020-12-06 13:19:28,720: Epoch-336 T-Loss: 2.263, E-Loss: 1.393, Time: 161.03s, Need: 13.60h, LR: 0.0200, Acc: 82.07%
[INFO] 2020-12-06 13:22:10,030: Epoch-337 T-Loss: 2.254, E-Loss: 1.441, Time: 161.08s, Need: 13.56h, LR: 0.0200, Acc: 81.57%
[INFO] 2020-12-06 13:24:51,356: Epoch-338 T-Loss: 2.272, E-Loss: 1.446, Time: 161.09s, Need: 13.51h, LR: 0.0200, Acc: 81.72%
[INFO] 2020-12-06 13:27:32,626: Epoch-339 T-Loss: 2.247, E-Loss: 1.405, Time: 161.04s, Need: 13.46h, LR: 0.0200, Acc: 82.00%
[INFO] 2020-12-06 13:30:14,017: Epoch-340 T-Loss: 2.277, E-Loss: 1.422, Time: 161.16s, Need: 13.43h, LR: 0.0200, Acc: 81.75%
[INFO] 2020-12-06 13:32:54,750: Epoch-341 T-Loss: 2.262, E-Loss: 1.388, Time: 160.49s, Need: 13.33h, LR: 0.0200, Acc: 82.50%
[INFO] 2020-12-06 13:32:55,041: [  BEST  ] - A best model in epoch 341 - 82.500%
[INFO] 2020-12-06 13:35:34,526: Epoch-342 T-Loss: 2.286, E-Loss: 1.407, Time: 159.48s, Need: 13.20h, LR: 0.0200, Acc: 82.23%
[INFO] 2020-12-06 13:38:14,675: Epoch-343 T-Loss: 2.314, E-Loss: 1.403, Time: 159.91s, Need: 13.19h, LR: 0.0200, Acc: 82.40%
[INFO] 2020-12-06 13:40:54,537: Epoch-344 T-Loss: 2.258, E-Loss: 1.434, Time: 159.62s, Need: 13.12h, LR: 0.0200, Acc: 81.83%
[INFO] 2020-12-06 13:43:34,299: Epoch-345 T-Loss: 2.247, E-Loss: 1.405, Time: 159.53s, Need: 13.07h, LR: 0.0200, Acc: 81.98%
[INFO] 2020-12-06 13:46:14,328: Epoch-346 T-Loss: 2.272, E-Loss: 1.410, Time: 159.81s, Need: 13.05h, LR: 0.0200, Acc: 81.77%
[INFO] 2020-12-06 13:48:53,993: Epoch-347 T-Loss: 2.249, E-Loss: 1.419, Time: 159.43s, Need: 12.98h, LR: 0.0200, Acc: 81.99%
[INFO] 2020-12-06 13:51:33,873: Epoch-348 T-Loss: 2.254, E-Loss: 1.408, Time: 159.66s, Need: 12.95h, LR: 0.0200, Acc: 81.98%
[INFO] 2020-12-06 13:54:13,751: Epoch-349 T-Loss: 2.283, E-Loss: 1.464, Time: 159.64s, Need: 12.90h, LR: 0.0200, Acc: 81.08%
[INFO] 2020-12-06 13:56:53,656: Epoch-350 T-Loss: 2.297, E-Loss: 1.421, Time: 159.67s, Need: 12.86h, LR: 0.0200, Acc: 81.57%
[INFO] 2020-12-06 13:59:33,644: Epoch-351 T-Loss: 2.251, E-Loss: 1.425, Time: 159.75s, Need: 12.82h, LR: 0.0200, Acc: 81.31%
[INFO] 2020-12-06 14:02:13,544: Epoch-352 T-Loss: 2.248, E-Loss: 1.428, Time: 159.66s, Need: 12.77h, LR: 0.0200, Acc: 81.90%
[INFO] 2020-12-06 14:04:53,578: Epoch-353 T-Loss: 2.237, E-Loss: 1.451, Time: 159.81s, Need: 12.74h, LR: 0.0200, Acc: 81.41%
[INFO] 2020-12-06 14:07:33,500: Epoch-354 T-Loss: 2.237, E-Loss: 1.416, Time: 159.70s, Need: 12.69h, LR: 0.0200, Acc: 81.28%
[INFO] 2020-12-06 14:10:13,443: Epoch-355 T-Loss: 2.287, E-Loss: 1.428, Time: 159.71s, Need: 12.64h, LR: 0.0200, Acc: 81.85%
[INFO] 2020-12-06 14:12:53,171: Epoch-356 T-Loss: 2.269, E-Loss: 1.458, Time: 159.50s, Need: 12.58h, LR: 0.0200, Acc: 81.24%
[INFO] 2020-12-06 14:15:33,404: Epoch-357 T-Loss: 2.287, E-Loss: 1.406, Time: 160.01s, Need: 12.58h, LR: 0.0200, Acc: 81.50%
[INFO] 2020-12-06 14:18:13,303: Epoch-358 T-Loss: 2.244, E-Loss: 1.455, Time: 159.66s, Need: 12.51h, LR: 0.0200, Acc: 81.50%
[INFO] 2020-12-06 14:20:53,311: Epoch-359 T-Loss: 2.257, E-Loss: 1.411, Time: 159.77s, Need: 12.47h, LR: 0.0200, Acc: 81.81%
[INFO] 2020-12-06 14:23:33,545: Epoch-360 T-Loss: 2.234, E-Loss: 1.449, Time: 160.01s, Need: 12.45h, LR: 0.0200, Acc: 81.56%
[INFO] 2020-12-06 14:26:13,187: Epoch-361 T-Loss: 2.238, E-Loss: 1.421, Time: 159.42s, Need: 12.35h, LR: 0.0200, Acc: 81.79%
[INFO] 2020-12-06 14:28:52,812: Epoch-362 T-Loss: 2.320, E-Loss: 1.443, Time: 159.40s, Need: 12.31h, LR: 0.0200, Acc: 81.24%
[INFO] 2020-12-06 14:31:32,794: Epoch-363 T-Loss: 2.262, E-Loss: 1.462, Time: 159.76s, Need: 12.29h, LR: 0.0200, Acc: 81.13%
[INFO] 2020-12-06 14:34:12,702: Epoch-364 T-Loss: 2.284, E-Loss: 1.461, Time: 159.67s, Need: 12.24h, LR: 0.0200, Acc: 81.01%
[INFO] 2020-12-06 14:36:52,932: Epoch-365 T-Loss: 2.229, E-Loss: 1.423, Time: 159.99s, Need: 12.22h, LR: 0.0200, Acc: 81.42%
[INFO] 2020-12-06 14:39:32,787: Epoch-366 T-Loss: 2.256, E-Loss: 1.446, Time: 159.62s, Need: 12.15h, LR: 0.0200, Acc: 81.33%
[INFO] 2020-12-06 14:42:12,984: Epoch-367 T-Loss: 2.234, E-Loss: 1.434, Time: 159.96s, Need: 12.13h, LR: 0.0200, Acc: 81.16%
[INFO] 2020-12-06 14:44:53,245: Epoch-368 T-Loss: 2.255, E-Loss: 1.430, Time: 160.04s, Need: 12.09h, LR: 0.0200, Acc: 81.80%
[INFO] 2020-12-06 14:47:33,116: Epoch-369 T-Loss: 2.224, E-Loss: 1.439, Time: 159.64s, Need: 12.02h, LR: 0.0200, Acc: 81.33%
[INFO] 2020-12-06 14:50:12,908: Epoch-370 T-Loss: 2.237, E-Loss: 1.410, Time: 159.57s, Need: 11.97h, LR: 0.0200, Acc: 81.76%
[INFO] 2020-12-06 14:52:52,843: Epoch-371 T-Loss: 2.264, E-Loss: 1.445, Time: 159.70s, Need: 11.93h, LR: 0.0200, Acc: 81.54%
[INFO] 2020-12-06 14:55:33,039: Epoch-372 T-Loss: 2.268, E-Loss: 1.424, Time: 159.97s, Need: 11.91h, LR: 0.0200, Acc: 81.40%
[INFO] 2020-12-06 14:58:12,999: Epoch-373 T-Loss: 2.249, E-Loss: 1.458, Time: 159.74s, Need: 11.85h, LR: 0.0200, Acc: 81.21%
[INFO] 2020-12-06 15:00:53,037: Epoch-374 T-Loss: 2.222, E-Loss: 1.449, Time: 159.80s, Need: 11.81h, LR: 0.0200, Acc: 81.22%
[INFO] 2020-12-06 15:03:32,883: Epoch-375 T-Loss: 2.199, E-Loss: 1.429, Time: 159.61s, Need: 11.75h, LR: 0.0200, Acc: 81.70%
[INFO] 2020-12-06 15:06:12,864: Epoch-376 T-Loss: 2.218, E-Loss: 1.443, Time: 159.75s, Need: 11.72h, LR: 0.0200, Acc: 81.22%
[INFO] 2020-12-06 15:08:52,514: Epoch-377 T-Loss: 2.219, E-Loss: 1.416, Time: 159.41s, Need: 11.65h, LR: 0.0200, Acc: 81.25%
[INFO] 2020-12-06 15:11:32,429: Epoch-378 T-Loss: 2.221, E-Loss: 1.430, Time: 159.67s, Need: 11.62h, LR: 0.0200, Acc: 81.46%
[INFO] 2020-12-06 15:14:12,680: Epoch-379 T-Loss: 2.243, E-Loss: 1.432, Time: 160.02s, Need: 11.60h, LR: 0.0200, Acc: 81.70%
[INFO] 2020-12-06 15:16:52,826: Epoch-380 T-Loss: 2.232, E-Loss: 1.406, Time: 159.91s, Need: 11.55h, LR: 0.0200, Acc: 81.96%
[INFO] 2020-12-06 15:19:32,763: Epoch-381 T-Loss: 2.271, E-Loss: 1.449, Time: 159.69s, Need: 11.49h, LR: 0.0200, Acc: 81.11%
[INFO] 2020-12-06 15:22:12,798: Epoch-382 T-Loss: 2.202, E-Loss: 1.452, Time: 159.78s, Need: 11.45h, LR: 0.0200, Acc: 81.35%
[INFO] 2020-12-06 15:24:54,052: Epoch-383 T-Loss: 2.265, E-Loss: 1.433, Time: 161.00s, Need: 11.49h, LR: 0.0200, Acc: 81.77%
[INFO] 2020-12-06 15:27:35,485: Epoch-384 T-Loss: 2.215, E-Loss: 1.419, Time: 161.18s, Need: 11.46h, LR: 0.0200, Acc: 81.51%
[INFO] 2020-12-06 15:30:16,992: Epoch-385 T-Loss: 2.220, E-Loss: 1.454, Time: 161.25s, Need: 11.42h, LR: 0.0200, Acc: 81.25%
[INFO] 2020-12-06 15:32:58,467: Epoch-386 T-Loss: 2.258, E-Loss: 1.438, Time: 161.24s, Need: 11.38h, LR: 0.0200, Acc: 81.69%
[INFO] 2020-12-06 15:35:39,844: Epoch-387 T-Loss: 2.220, E-Loss: 1.463, Time: 161.14s, Need: 11.32h, LR: 0.0200, Acc: 81.19%
[INFO] 2020-12-06 15:38:21,470: Epoch-388 T-Loss: 2.231, E-Loss: 1.427, Time: 161.38s, Need: 11.30h, LR: 0.0200, Acc: 81.90%
[INFO] 2020-12-06 15:41:02,913: Epoch-389 T-Loss: 2.267, E-Loss: 1.462, Time: 161.17s, Need: 11.24h, LR: 0.0200, Acc: 80.93%
[INFO] 2020-12-06 15:43:44,366: Epoch-390 T-Loss: 2.229, E-Loss: 1.437, Time: 161.15s, Need: 11.19h, LR: 0.0200, Acc: 81.48%
[INFO] 2020-12-06 15:46:26,929: Epoch-391 T-Loss: 2.240, E-Loss: 1.463, Time: 161.46s, Need: 11.17h, LR: 0.0200, Acc: 81.40%
[INFO] 2020-12-06 15:49:09,168: Epoch-392 T-Loss: 2.200, E-Loss: 1.436, Time: 162.00s, Need: 11.16h, LR: 0.0200, Acc: 81.36%
[INFO] 2020-12-06 15:52:02,919: Epoch-393 T-Loss: 2.208, E-Loss: 1.456, Time: 173.50s, Need: 11.90h, LR: 0.0200, Acc: 81.19%
[INFO] 2020-12-06 15:55:39,919: Epoch-394 T-Loss: 2.215, E-Loss: 1.407, Time: 216.74s, Need: 14.81h, LR: 0.0200, Acc: 81.89%
[INFO] 2020-12-06 15:59:39,265: Epoch-395 T-Loss: 2.258, E-Loss: 1.405, Time: 239.10s, Need: 16.27h, LR: 0.0200, Acc: 81.81%
[INFO] 2020-12-06 16:04:11,717: Epoch-396 T-Loss: 2.206, E-Loss: 1.437, Time: 272.21s, Need: 18.45h, LR: 0.0200, Acc: 81.46%
[INFO] 2020-12-06 16:08:44,340: Epoch-397 T-Loss: 2.234, E-Loss: 1.392, Time: 272.38s, Need: 18.39h, LR: 0.0200, Acc: 82.04%
[INFO] 2020-12-06 16:13:17,320: Epoch-398 T-Loss: 2.221, E-Loss: 1.456, Time: 272.65s, Need: 18.33h, LR: 0.0200, Acc: 81.68%
[INFO] 2020-12-06 16:17:50,095: Epoch-399 T-Loss: 2.204, E-Loss: 1.451, Time: 272.53s, Need: 18.24h, LR: 0.0200, Acc: 81.88%
[INFO] 2020-12-06 16:22:23,344: Epoch-400 T-Loss: 2.218, E-Loss: 1.407, Time: 272.68s, Need: 18.18h, LR: 0.0200, Acc: 82.14%
[INFO] 2020-12-06 16:26:56,242: Epoch-401 T-Loss: 2.234, E-Loss: 1.440, Time: 272.64s, Need: 18.10h, LR: 0.0200, Acc: 81.97%
[INFO] 2020-12-06 16:31:28,148: Epoch-402 T-Loss: 2.222, E-Loss: 1.465, Time: 271.65s, Need: 17.96h, LR: 0.0200, Acc: 81.14%
[INFO] 2020-12-06 16:36:00,839: Epoch-403 T-Loss: 2.226, E-Loss: 1.454, Time: 272.45s, Need: 17.94h, LR: 0.0200, Acc: 81.77%
[INFO] 2020-12-06 16:40:33,824: Epoch-404 T-Loss: 2.207, E-Loss: 1.426, Time: 272.67s, Need: 17.87h, LR: 0.0200, Acc: 81.94%
[INFO] 2020-12-06 16:45:06,012: Epoch-405 T-Loss: 2.247, E-Loss: 1.460, Time: 271.95s, Need: 17.75h, LR: 0.0200, Acc: 81.33%
[INFO] 2020-12-06 16:49:38,775: Epoch-406 T-Loss: 2.236, E-Loss: 1.465, Time: 272.51s, Need: 17.71h, LR: 0.0200, Acc: 81.31%
[INFO] 2020-12-06 16:54:11,515: Epoch-407 T-Loss: 2.216, E-Loss: 1.452, Time: 272.22s, Need: 17.62h, LR: 0.0200, Acc: 80.63%
[INFO] 2020-12-06 16:58:44,026: Epoch-408 T-Loss: 2.198, E-Loss: 1.437, Time: 272.27s, Need: 17.55h, LR: 0.0200, Acc: 81.53%
[INFO] 2020-12-06 17:03:16,641: Epoch-409 T-Loss: 2.260, E-Loss: 1.433, Time: 272.36s, Need: 17.48h, LR: 0.0200, Acc: 81.93%
[INFO] 2020-12-06 17:07:49,221: Epoch-410 T-Loss: 2.225, E-Loss: 1.431, Time: 272.33s, Need: 17.40h, LR: 0.0200, Acc: 81.68%
[INFO] 2020-12-06 17:12:22,605: Epoch-411 T-Loss: 2.234, E-Loss: 1.433, Time: 273.16s, Need: 17.38h, LR: 0.0200, Acc: 81.54%
[INFO] 2020-12-06 17:16:56,073: Epoch-412 T-Loss: 2.204, E-Loss: 1.427, Time: 273.22s, Need: 17.30h, LR: 0.0200, Acc: 81.70%
[INFO] 2020-12-06 17:21:29,160: Epoch-413 T-Loss: 2.226, E-Loss: 1.392, Time: 272.83s, Need: 17.20h, LR: 0.0200, Acc: 81.89%
[INFO] 2020-12-06 17:26:02,362: Epoch-414 T-Loss: 2.207, E-Loss: 1.419, Time: 272.95s, Need: 17.14h, LR: 0.0200, Acc: 81.47%
[INFO] 2020-12-06 17:30:35,413: Epoch-415 T-Loss: 2.187, E-Loss: 1.437, Time: 272.81s, Need: 17.05h, LR: 0.0200, Acc: 81.81%
[INFO] 2020-12-06 17:35:08,199: Epoch-416 T-Loss: 2.239, E-Loss: 1.442, Time: 272.54s, Need: 16.96h, LR: 0.0200, Acc: 81.24%
[INFO] 2020-12-06 17:39:41,276: Epoch-417 T-Loss: 2.213, E-Loss: 1.422, Time: 272.83s, Need: 16.90h, LR: 0.0200, Acc: 81.89%
[INFO] 2020-12-06 17:44:17,562: Epoch-418 T-Loss: 2.233, E-Loss: 1.446, Time: 276.05s, Need: 17.02h, LR: 0.0200, Acc: 81.48%
[INFO] 2020-12-06 17:48:49,949: Epoch-419 T-Loss: 2.183, E-Loss: 1.416, Time: 272.14s, Need: 16.71h, LR: 0.0200, Acc: 82.02%
[INFO] 2020-12-06 17:53:23,211: Epoch-420 T-Loss: 2.234, E-Loss: 1.438, Time: 273.02s, Need: 16.68h, LR: 0.0200, Acc: 81.72%
[INFO] 2020-12-06 17:57:57,657: Epoch-421 T-Loss: 2.227, E-Loss: 1.439, Time: 274.20s, Need: 16.68h, LR: 0.0200, Acc: 81.41%
[INFO] 2020-12-06 18:02:35,722: Epoch-422 T-Loss: 2.185, E-Loss: 1.404, Time: 277.83s, Need: 16.82h, LR: 0.0200, Acc: 81.78%
[INFO] 2020-12-06 18:07:12,067: Epoch-423 T-Loss: 2.174, E-Loss: 1.434, Time: 276.10s, Need: 16.64h, LR: 0.0200, Acc: 81.57%
[INFO] 2020-12-06 18:11:44,144: Epoch-424 T-Loss: 2.180, E-Loss: 1.449, Time: 271.83s, Need: 16.31h, LR: 0.0200, Acc: 81.38%
[INFO] 2020-12-06 18:16:16,855: Epoch-425 T-Loss: 2.159, E-Loss: 1.448, Time: 272.47s, Need: 16.27h, LR: 0.0200, Acc: 81.55%
[INFO] 2020-12-06 18:20:50,199: Epoch-426 T-Loss: 2.216, E-Loss: 1.452, Time: 273.11s, Need: 16.23h, LR: 0.0200, Acc: 81.00%
[INFO] 2020-12-06 18:25:22,939: Epoch-427 T-Loss: 2.180, E-Loss: 1.422, Time: 272.45s, Need: 16.12h, LR: 0.0200, Acc: 81.82%
[INFO] 2020-12-06 18:29:55,522: Epoch-428 T-Loss: 2.220, E-Loss: 1.427, Time: 272.35s, Need: 16.04h, LR: 0.0200, Acc: 81.40%
[INFO] 2020-12-06 18:34:28,941: Epoch-429 T-Loss: 2.210, E-Loss: 1.456, Time: 273.19s, Need: 16.01h, LR: 0.0200, Acc: 81.15%
[INFO] 2020-12-06 18:39:01,838: Epoch-430 T-Loss: 2.174, E-Loss: 1.425, Time: 272.66s, Need: 15.91h, LR: 0.0200, Acc: 81.72%
[INFO] 2020-12-06 18:43:34,511: Epoch-431 T-Loss: 2.197, E-Loss: 1.424, Time: 272.44s, Need: 15.82h, LR: 0.0200, Acc: 81.45%
[INFO] 2020-12-06 18:48:06,888: Epoch-432 T-Loss: 2.182, E-Loss: 1.408, Time: 272.13s, Need: 15.72h, LR: 0.0200, Acc: 81.38%
[INFO] 2020-12-06 18:52:39,635: Epoch-433 T-Loss: 2.174, E-Loss: 1.441, Time: 272.50s, Need: 15.67h, LR: 0.0200, Acc: 81.34%
[INFO] 2020-12-06 18:57:12,878: Epoch-434 T-Loss: 2.221, E-Loss: 1.458, Time: 273.01s, Need: 15.62h, LR: 0.0200, Acc: 81.31%
[INFO] 2020-12-06 19:01:45,862: Epoch-435 T-Loss: 2.166, E-Loss: 1.416, Time: 272.74s, Need: 15.53h, LR: 0.0200, Acc: 81.45%
[INFO] 2020-12-06 19:06:18,586: Epoch-436 T-Loss: 2.196, E-Loss: 1.445, Time: 272.48s, Need: 15.44h, LR: 0.0200, Acc: 81.19%
[INFO] 2020-12-06 19:10:51,769: Epoch-437 T-Loss: 2.164, E-Loss: 1.447, Time: 272.95s, Need: 15.39h, LR: 0.0200, Acc: 81.51%
[INFO] 2020-12-06 19:15:24,389: Epoch-438 T-Loss: 2.168, E-Loss: 1.426, Time: 272.38s, Need: 15.28h, LR: 0.0200, Acc: 81.53%
[INFO] 2020-12-06 19:19:58,120: Epoch-439 T-Loss: 2.196, E-Loss: 1.427, Time: 273.46s, Need: 15.27h, LR: 0.0200, Acc: 81.69%
[INFO] 2020-12-06 19:24:31,245: Epoch-440 T-Loss: 2.169, E-Loss: 1.414, Time: 272.86s, Need: 15.16h, LR: 0.0200, Acc: 81.78%
[INFO] 2020-12-06 19:29:03,705: Epoch-441 T-Loss: 2.187, E-Loss: 1.429, Time: 272.21s, Need: 15.05h, LR: 0.0200, Acc: 81.59%
[INFO] 2020-12-06 19:33:36,274: Epoch-442 T-Loss: 2.196, E-Loss: 1.413, Time: 272.32s, Need: 14.98h, LR: 0.0200, Acc: 81.76%
[INFO] 2020-12-06 19:38:09,210: Epoch-443 T-Loss: 2.156, E-Loss: 1.458, Time: 272.70s, Need: 14.92h, LR: 0.0200, Acc: 81.30%
[INFO] 2020-12-06 19:42:42,397: Epoch-444 T-Loss: 2.178, E-Loss: 1.449, Time: 272.96s, Need: 14.86h, LR: 0.0200, Acc: 81.33%
[INFO] 2020-12-06 19:47:14,883: Epoch-445 T-Loss: 2.180, E-Loss: 1.442, Time: 272.25s, Need: 14.75h, LR: 0.0200, Acc: 81.29%
[INFO] 2020-12-06 19:51:47,380: Epoch-446 T-Loss: 2.224, E-Loss: 1.444, Time: 272.27s, Need: 14.67h, LR: 0.0200, Acc: 81.65%
[INFO] 2020-12-06 19:56:19,706: Epoch-447 T-Loss: 2.152, E-Loss: 1.435, Time: 271.88s, Need: 14.58h, LR: 0.0200, Acc: 81.18%
[INFO] 2020-12-06 20:00:51,420: Epoch-448 T-Loss: 2.189, E-Loss: 1.441, Time: 271.47s, Need: 14.48h, LR: 0.0200, Acc: 81.52%
